Started GET "/" for 127.0.0.1 at 2017-10-14 19:41:55 -0500
Processing by Rails::WelcomeController#index as HTML
  Rendering /Users/juanmontenegro/.rvm/gems/ruby-2.4.0/gems/railties-5.1.4/lib/rails/templates/rails/welcome/index.html.erb
  Rendered /Users/juanmontenegro/.rvm/gems/ruby-2.4.0/gems/railties-5.1.4/lib/rails/templates/rails/welcome/index.html.erb (12.5ms)
Completed 200 OK in 47ms (Views: 24.8ms)


Started GET "/" for 127.0.0.1 at 2017-10-14 19:42:53 -0500
Processing by Rails::WelcomeController#index as HTML
  Rendering /Users/juanmontenegro/.rvm/gems/ruby-2.4.0/gems/railties-5.1.4/lib/rails/templates/rails/welcome/index.html.erb
  Rendered /Users/juanmontenegro/.rvm/gems/ruby-2.4.0/gems/railties-5.1.4/lib/rails/templates/rails/welcome/index.html.erb (5.9ms)
Completed 200 OK in 27ms (Views: 14.0ms)


Started GET "/" for 127.0.0.1 at 2017-10-14 19:43:00 -0500
Processing by Rails::WelcomeController#index as HTML
  Rendering /Users/juanmontenegro/.rvm/gems/ruby-2.4.0/gems/railties-5.1.4/lib/rails/templates/rails/welcome/index.html.erb
  Rendered /Users/juanmontenegro/.rvm/gems/ruby-2.4.0/gems/railties-5.1.4/lib/rails/templates/rails/welcome/index.html.erb (3.8ms)
Completed 200 OK in 11ms (Views: 7.2ms)


Started GET "/" for 127.0.0.1 at 2017-10-14 21:59:28 -0500
Processing by Rails::WelcomeController#index as HTML
  Rendering /Users/juanmontenegro/.rvm/gems/ruby-2.4.0/gems/railties-5.1.4/lib/rails/templates/rails/welcome/index.html.erb
  Rendered /Users/juanmontenegro/.rvm/gems/ruby-2.4.0/gems/railties-5.1.4/lib/rails/templates/rails/welcome/index.html.erb (4.2ms)
Completed 200 OK in 25ms (Views: 13.8ms)


Started GET "/" for 127.0.0.1 at 2017-10-17 11:01:31 -0500
Processing by Rails::WelcomeController#index as HTML
  Rendering /Users/juanmontenegro/.rvm/gems/ruby-2.4.0/gems/railties-5.1.4/lib/rails/templates/rails/welcome/index.html.erb
  Rendered /Users/juanmontenegro/.rvm/gems/ruby-2.4.0/gems/railties-5.1.4/lib/rails/templates/rails/welcome/index.html.erb (16.4ms)
Completed 200 OK in 76ms (Views: 40.8ms)


Started GET "/" for 127.0.0.1 at 2017-10-17 11:05:43 -0500
Processing by Rails::WelcomeController#index as HTML
  Rendering /Users/juanmontenegro/.rvm/gems/ruby-2.4.0/gems/railties-5.1.4/lib/rails/templates/rails/welcome/index.html.erb
  Rendered /Users/juanmontenegro/.rvm/gems/ruby-2.4.0/gems/railties-5.1.4/lib/rails/templates/rails/welcome/index.html.erb (5.3ms)
Completed 200 OK in 57ms (Views: 14.1ms)


Started GET "/" for 127.0.0.1 at 2017-10-17 11:05:47 -0500
Processing by Rails::WelcomeController#index as HTML
  Rendering /Users/juanmontenegro/.rvm/gems/ruby-2.4.0/gems/railties-5.1.4/lib/rails/templates/rails/welcome/index.html.erb
  Rendered /Users/juanmontenegro/.rvm/gems/ruby-2.4.0/gems/railties-5.1.4/lib/rails/templates/rails/welcome/index.html.erb (4.7ms)
Completed 200 OK in 16ms (Views: 10.8ms)


Started GET "/" for 127.0.0.1 at 2017-10-17 11:05:50 -0500
Processing by Rails::WelcomeController#index as HTML
  Rendering /Users/juanmontenegro/.rvm/gems/ruby-2.4.0/gems/railties-5.1.4/lib/rails/templates/rails/welcome/index.html.erb
  Rendered /Users/juanmontenegro/.rvm/gems/ruby-2.4.0/gems/railties-5.1.4/lib/rails/templates/rails/welcome/index.html.erb (6.3ms)
Completed 200 OK in 14ms (Views: 10.7ms)


Started GET "/" for 127.0.0.1 at 2017-10-17 11:08:41 -0500
Processing by Rails::WelcomeController#index as HTML
  Rendering /Users/juanmontenegro/.rvm/gems/ruby-2.4.0/gems/railties-5.1.4/lib/rails/templates/rails/welcome/index.html.erb
  Rendered /Users/juanmontenegro/.rvm/gems/ruby-2.4.0/gems/railties-5.1.4/lib/rails/templates/rails/welcome/index.html.erb (6.9ms)
Completed 200 OK in 17ms (Views: 11.3ms)


Started GET "/" for 127.0.0.1 at 2017-10-17 11:09:07 -0500
Processing by Rails::WelcomeController#index as HTML
  Rendering /Users/juanmontenegro/.rvm/gems/ruby-2.4.0/gems/railties-5.1.4/lib/rails/templates/rails/welcome/index.html.erb
  Rendered /Users/juanmontenegro/.rvm/gems/ruby-2.4.0/gems/railties-5.1.4/lib/rails/templates/rails/welcome/index.html.erb (15.1ms)
Completed 200 OK in 121ms (Views: 43.5ms)


Started GET "/" for 127.0.0.1 at 2017-10-17 11:11:02 -0500
Processing by Rails::WelcomeController#index as HTML
  Rendering /Users/juanmontenegro/.rvm/gems/ruby-2.4.0/gems/railties-5.1.4/lib/rails/templates/rails/welcome/index.html.erb
  Rendered /Users/juanmontenegro/.rvm/gems/ruby-2.4.0/gems/railties-5.1.4/lib/rails/templates/rails/welcome/index.html.erb (8.3ms)
Completed 200 OK in 20ms (Views: 14.9ms)


Started GET "/" for 127.0.0.1 at 2017-10-17 11:11:57 -0500
Processing by Rails::WelcomeController#index as HTML
  Rendering /Users/juanmontenegro/.rvm/gems/ruby-2.4.0/gems/railties-5.1.4/lib/rails/templates/rails/welcome/index.html.erb
  Rendered /Users/juanmontenegro/.rvm/gems/ruby-2.4.0/gems/railties-5.1.4/lib/rails/templates/rails/welcome/index.html.erb (6.3ms)
Completed 200 OK in 178ms (Views: 17.7ms)


Started GET "/" for 127.0.0.1 at 2017-10-17 11:11:59 -0500
Processing by Rails::WelcomeController#index as HTML
  Rendering /Users/juanmontenegro/.rvm/gems/ruby-2.4.0/gems/railties-5.1.4/lib/rails/templates/rails/welcome/index.html.erb
  Rendered /Users/juanmontenegro/.rvm/gems/ruby-2.4.0/gems/railties-5.1.4/lib/rails/templates/rails/welcome/index.html.erb (4.1ms)
Completed 200 OK in 12ms (Views: 7.8ms)


Started GET "/" for 127.0.0.1 at 2017-10-17 11:14:13 -0500
Processing by Rails::WelcomeController#index as HTML
  Rendering /Users/juanmontenegro/.rvm/gems/ruby-2.4.0/gems/railties-5.1.4/lib/rails/templates/rails/welcome/index.html.erb
  Rendered /Users/juanmontenegro/.rvm/gems/ruby-2.4.0/gems/railties-5.1.4/lib/rails/templates/rails/welcome/index.html.erb (63.0ms)
Completed 200 OK in 98ms (Views: 69.9ms)


Started GET "/" for 127.0.0.1 at 2017-10-17 11:14:49 -0500
Processing by Rails::WelcomeController#index as HTML
  Rendering /Users/juanmontenegro/.rvm/gems/ruby-2.4.0/gems/railties-5.1.4/lib/rails/templates/rails/welcome/index.html.erb
  Rendered /Users/juanmontenegro/.rvm/gems/ruby-2.4.0/gems/railties-5.1.4/lib/rails/templates/rails/welcome/index.html.erb (6.3ms)
Completed 200 OK in 206ms (Views: 16.2ms)


Started GET "/" for 127.0.0.1 at 2017-10-17 11:15:49 -0500
Processing by Rails::WelcomeController#index as HTML
  Rendering /Users/juanmontenegro/.rvm/gems/ruby-2.4.0/gems/railties-5.1.4/lib/rails/templates/rails/welcome/index.html.erb
  Rendered /Users/juanmontenegro/.rvm/gems/ruby-2.4.0/gems/railties-5.1.4/lib/rails/templates/rails/welcome/index.html.erb (5.9ms)
Completed 200 OK in 21ms (Views: 10.9ms)


Started GET "/" for 127.0.0.1 at 2017-10-17 11:15:51 -0500
Processing by Rails::WelcomeController#index as HTML
  Rendering /Users/juanmontenegro/.rvm/gems/ruby-2.4.0/gems/railties-5.1.4/lib/rails/templates/rails/welcome/index.html.erb
  Rendered /Users/juanmontenegro/.rvm/gems/ruby-2.4.0/gems/railties-5.1.4/lib/rails/templates/rails/welcome/index.html.erb (19.6ms)
Completed 200 OK in 41ms (Views: 30.7ms)


Started GET "/" for 127.0.0.1 at 2017-10-17 11:16:27 -0500
Processing by Rails::WelcomeController#index as HTML
  Rendering /Users/juanmontenegro/.rvm/gems/ruby-2.4.0/gems/railties-5.1.4/lib/rails/templates/rails/welcome/index.html.erb
  Rendered /Users/juanmontenegro/.rvm/gems/ruby-2.4.0/gems/railties-5.1.4/lib/rails/templates/rails/welcome/index.html.erb (6.5ms)
Completed 200 OK in 39ms (Views: 15.7ms)


Started GET "/" for 127.0.0.1 at 2017-10-17 11:16:32 -0500
Processing by Rails::WelcomeController#index as HTML
  Rendering /Users/juanmontenegro/.rvm/gems/ruby-2.4.0/gems/railties-5.1.4/lib/rails/templates/rails/welcome/index.html.erb
  Rendered /Users/juanmontenegro/.rvm/gems/ruby-2.4.0/gems/railties-5.1.4/lib/rails/templates/rails/welcome/index.html.erb (5.9ms)
Completed 200 OK in 16ms (Views: 11.0ms)


Started GET "/welcome" for 127.0.0.1 at 2017-10-17 11:16:38 -0500
  
ActionController::RoutingError (No route matches [GET] "/welcome"):
  
actionpack (5.1.4) lib/action_dispatch/middleware/debug_exceptions.rb:63:in `call'
web-console (3.5.1) lib/web_console/middleware.rb:135:in `call_app'
web-console (3.5.1) lib/web_console/middleware.rb:28:in `block in call'
web-console (3.5.1) lib/web_console/middleware.rb:18:in `catch'
web-console (3.5.1) lib/web_console/middleware.rb:18:in `call'
actionpack (5.1.4) lib/action_dispatch/middleware/show_exceptions.rb:31:in `call'
railties (5.1.4) lib/rails/rack/logger.rb:36:in `call_app'
railties (5.1.4) lib/rails/rack/logger.rb:24:in `block in call'
activesupport (5.1.4) lib/active_support/tagged_logging.rb:69:in `block in tagged'
activesupport (5.1.4) lib/active_support/tagged_logging.rb:26:in `tagged'
activesupport (5.1.4) lib/active_support/tagged_logging.rb:69:in `tagged'
railties (5.1.4) lib/rails/rack/logger.rb:24:in `call'
sprockets-rails (3.2.1) lib/sprockets/rails/quiet_assets.rb:13:in `call'
actionpack (5.1.4) lib/action_dispatch/middleware/remote_ip.rb:79:in `call'
actionpack (5.1.4) lib/action_dispatch/middleware/request_id.rb:25:in `call'
rack (2.0.3) lib/rack/method_override.rb:22:in `call'
rack (2.0.3) lib/rack/runtime.rb:22:in `call'
activesupport (5.1.4) lib/active_support/cache/strategy/local_cache_middleware.rb:27:in `call'
actionpack (5.1.4) lib/action_dispatch/middleware/executor.rb:12:in `call'
actionpack (5.1.4) lib/action_dispatch/middleware/static.rb:125:in `call'
rack (2.0.3) lib/rack/sendfile.rb:111:in `call'
railties (5.1.4) lib/rails/engine.rb:522:in `call'
puma (3.10.0) lib/puma/configuration.rb:225:in `call'
puma (3.10.0) lib/puma/server.rb:605:in `handle_request'
puma (3.10.0) lib/puma/server.rb:437:in `process_client'
puma (3.10.0) lib/puma/server.rb:301:in `block in run'
puma (3.10.0) lib/puma/thread_pool.rb:120:in `block in spawn_thread'
Started GET "/welcome/welcome" for 127.0.0.1 at 2017-10-17 11:16:43 -0500
  
ActionController::RoutingError (No route matches [GET] "/welcome/welcome"):
  
actionpack (5.1.4) lib/action_dispatch/middleware/debug_exceptions.rb:63:in `call'
web-console (3.5.1) lib/web_console/middleware.rb:135:in `call_app'
web-console (3.5.1) lib/web_console/middleware.rb:28:in `block in call'
web-console (3.5.1) lib/web_console/middleware.rb:18:in `catch'
web-console (3.5.1) lib/web_console/middleware.rb:18:in `call'
actionpack (5.1.4) lib/action_dispatch/middleware/show_exceptions.rb:31:in `call'
railties (5.1.4) lib/rails/rack/logger.rb:36:in `call_app'
railties (5.1.4) lib/rails/rack/logger.rb:24:in `block in call'
activesupport (5.1.4) lib/active_support/tagged_logging.rb:69:in `block in tagged'
activesupport (5.1.4) lib/active_support/tagged_logging.rb:26:in `tagged'
activesupport (5.1.4) lib/active_support/tagged_logging.rb:69:in `tagged'
railties (5.1.4) lib/rails/rack/logger.rb:24:in `call'
sprockets-rails (3.2.1) lib/sprockets/rails/quiet_assets.rb:13:in `call'
actionpack (5.1.4) lib/action_dispatch/middleware/remote_ip.rb:79:in `call'
actionpack (5.1.4) lib/action_dispatch/middleware/request_id.rb:25:in `call'
rack (2.0.3) lib/rack/method_override.rb:22:in `call'
rack (2.0.3) lib/rack/runtime.rb:22:in `call'
activesupport (5.1.4) lib/active_support/cache/strategy/local_cache_middleware.rb:27:in `call'
actionpack (5.1.4) lib/action_dispatch/middleware/executor.rb:12:in `call'
actionpack (5.1.4) lib/action_dispatch/middleware/static.rb:125:in `call'
rack (2.0.3) lib/rack/sendfile.rb:111:in `call'
railties (5.1.4) lib/rails/engine.rb:522:in `call'
puma (3.10.0) lib/puma/configuration.rb:225:in `call'
puma (3.10.0) lib/puma/server.rb:605:in `handle_request'
puma (3.10.0) lib/puma/server.rb:437:in `process_client'
puma (3.10.0) lib/puma/server.rb:301:in `block in run'
puma (3.10.0) lib/puma/thread_pool.rb:120:in `block in spawn_thread'
Started GET "/welcome/welcome.html" for 127.0.0.1 at 2017-10-17 11:16:48 -0500
  
ActionController::RoutingError (No route matches [GET] "/welcome/welcome.html"):
  
actionpack (5.1.4) lib/action_dispatch/middleware/debug_exceptions.rb:63:in `call'
web-console (3.5.1) lib/web_console/middleware.rb:135:in `call_app'
web-console (3.5.1) lib/web_console/middleware.rb:28:in `block in call'
web-console (3.5.1) lib/web_console/middleware.rb:18:in `catch'
web-console (3.5.1) lib/web_console/middleware.rb:18:in `call'
actionpack (5.1.4) lib/action_dispatch/middleware/show_exceptions.rb:31:in `call'
railties (5.1.4) lib/rails/rack/logger.rb:36:in `call_app'
railties (5.1.4) lib/rails/rack/logger.rb:24:in `block in call'
activesupport (5.1.4) lib/active_support/tagged_logging.rb:69:in `block in tagged'
activesupport (5.1.4) lib/active_support/tagged_logging.rb:26:in `tagged'
activesupport (5.1.4) lib/active_support/tagged_logging.rb:69:in `tagged'
railties (5.1.4) lib/rails/rack/logger.rb:24:in `call'
sprockets-rails (3.2.1) lib/sprockets/rails/quiet_assets.rb:13:in `call'
actionpack (5.1.4) lib/action_dispatch/middleware/remote_ip.rb:79:in `call'
actionpack (5.1.4) lib/action_dispatch/middleware/request_id.rb:25:in `call'
rack (2.0.3) lib/rack/method_override.rb:22:in `call'
rack (2.0.3) lib/rack/runtime.rb:22:in `call'
activesupport (5.1.4) lib/active_support/cache/strategy/local_cache_middleware.rb:27:in `call'
actionpack (5.1.4) lib/action_dispatch/middleware/executor.rb:12:in `call'
actionpack (5.1.4) lib/action_dispatch/middleware/static.rb:125:in `call'
rack (2.0.3) lib/rack/sendfile.rb:111:in `call'
railties (5.1.4) lib/rails/engine.rb:522:in `call'
puma (3.10.0) lib/puma/configuration.rb:225:in `call'
puma (3.10.0) lib/puma/server.rb:605:in `handle_request'
puma (3.10.0) lib/puma/server.rb:437:in `process_client'
puma (3.10.0) lib/puma/server.rb:301:in `block in run'
puma (3.10.0) lib/puma/thread_pool.rb:120:in `block in spawn_thread'
Started GET "/" for 127.0.0.1 at 2017-10-17 11:18:31 -0500
Processing by Rails::WelcomeController#index as HTML
  Rendering /Users/juanmontenegro/.rvm/gems/ruby-2.4.0/gems/railties-5.1.4/lib/rails/templates/rails/welcome/index.html.erb
  Rendered /Users/juanmontenegro/.rvm/gems/ruby-2.4.0/gems/railties-5.1.4/lib/rails/templates/rails/welcome/index.html.erb (8.7ms)
Completed 200 OK in 24ms (Views: 15.8ms)


Started GET "/" for 127.0.0.1 at 2017-10-17 11:18:49 -0500
Processing by Rails::WelcomeController#index as HTML
  Rendering /Users/juanmontenegro/.rvm/gems/ruby-2.4.0/gems/railties-5.1.4/lib/rails/templates/rails/welcome/index.html.erb
  Rendered /Users/juanmontenegro/.rvm/gems/ruby-2.4.0/gems/railties-5.1.4/lib/rails/templates/rails/welcome/index.html.erb (11.8ms)
Completed 200 OK in 43ms (Views: 21.5ms)


Started GET "/" for 127.0.0.1 at 2017-10-17 11:28:32 -0500
Processing by Rails::WelcomeController#index as HTML
  Rendering /Users/juanmontenegro/.rvm/gems/ruby-2.4.0/gems/railties-5.1.4/lib/rails/templates/rails/welcome/index.html.erb
  Rendered /Users/juanmontenegro/.rvm/gems/ruby-2.4.0/gems/railties-5.1.4/lib/rails/templates/rails/welcome/index.html.erb (12.7ms)
Completed 200 OK in 33ms (Views: 20.1ms)


Started GET "/" for 127.0.0.1 at 2017-10-17 11:28:34 -0500
Processing by Rails::WelcomeController#index as HTML
  Rendering /Users/juanmontenegro/.rvm/gems/ruby-2.4.0/gems/railties-5.1.4/lib/rails/templates/rails/welcome/index.html.erb
  Rendered /Users/juanmontenegro/.rvm/gems/ruby-2.4.0/gems/railties-5.1.4/lib/rails/templates/rails/welcome/index.html.erb (9.3ms)
Completed 200 OK in 29ms (Views: 14.8ms)


Started GET "/" for 127.0.0.1 at 2017-10-17 11:28:44 -0500
Processing by Rails::WelcomeController#index as HTML
  Rendering /Users/juanmontenegro/.rvm/gems/ruby-2.4.0/gems/railties-5.1.4/lib/rails/templates/rails/welcome/index.html.erb
  Rendered /Users/juanmontenegro/.rvm/gems/ruby-2.4.0/gems/railties-5.1.4/lib/rails/templates/rails/welcome/index.html.erb (4.8ms)
Completed 200 OK in 36ms (Views: 19.9ms)


Started GET "/" for 127.0.0.1 at 2017-10-17 11:28:47 -0500
Processing by Rails::WelcomeController#index as HTML
  Rendering /Users/juanmontenegro/.rvm/gems/ruby-2.4.0/gems/railties-5.1.4/lib/rails/templates/rails/welcome/index.html.erb
  Rendered /Users/juanmontenegro/.rvm/gems/ruby-2.4.0/gems/railties-5.1.4/lib/rails/templates/rails/welcome/index.html.erb (6.3ms)
Completed 200 OK in 13ms (Views: 10.5ms)


Started GET "/" for 127.0.0.1 at 2017-10-17 11:28:57 -0500
Processing by Rails::WelcomeController#index as HTML
  Rendering /Users/juanmontenegro/.rvm/gems/ruby-2.4.0/gems/railties-5.1.4/lib/rails/templates/rails/welcome/index.html.erb
  Rendered /Users/juanmontenegro/.rvm/gems/ruby-2.4.0/gems/railties-5.1.4/lib/rails/templates/rails/welcome/index.html.erb (7.5ms)
Completed 200 OK in 17ms (Views: 13.1ms)


Started GET "/" for 127.0.0.1 at 2017-10-17 11:30:59 -0500
Processing by Rails::WelcomeController#index as HTML
  Rendering /Users/juanmontenegro/.rvm/gems/ruby-2.4.0/gems/railties-5.1.4/lib/rails/templates/rails/welcome/index.html.erb
  Rendered /Users/juanmontenegro/.rvm/gems/ruby-2.4.0/gems/railties-5.1.4/lib/rails/templates/rails/welcome/index.html.erb (3.1ms)
Completed 200 OK in 11ms (Views: 6.8ms)


Started GET "/" for 127.0.0.1 at 2017-10-17 11:31:12 -0500
Processing by Rails::WelcomeController#index as HTML
  Rendering /Users/juanmontenegro/.rvm/gems/ruby-2.4.0/gems/railties-5.1.4/lib/rails/templates/rails/welcome/index.html.erb
  Rendered /Users/juanmontenegro/.rvm/gems/ruby-2.4.0/gems/railties-5.1.4/lib/rails/templates/rails/welcome/index.html.erb (4.5ms)
Completed 200 OK in 30ms (Views: 14.7ms)


Started GET "/" for 127.0.0.1 at 2017-10-17 11:31:16 -0500
Processing by Rails::WelcomeController#index as HTML
  Rendering /Users/juanmontenegro/.rvm/gems/ruby-2.4.0/gems/railties-5.1.4/lib/rails/templates/rails/welcome/index.html.erb
  Rendered /Users/juanmontenegro/.rvm/gems/ruby-2.4.0/gems/railties-5.1.4/lib/rails/templates/rails/welcome/index.html.erb (5.1ms)
Completed 200 OK in 13ms (Views: 9.3ms)


Started GET "/" for 127.0.0.1 at 2017-10-17 11:32:00 -0500
Processing by Rails::WelcomeController#index as HTML
  Rendering /Users/juanmontenegro/.rvm/gems/ruby-2.4.0/gems/railties-5.1.4/lib/rails/templates/rails/welcome/index.html.erb
  Rendered /Users/juanmontenegro/.rvm/gems/ruby-2.4.0/gems/railties-5.1.4/lib/rails/templates/rails/welcome/index.html.erb (4.5ms)
Completed 200 OK in 15ms (Views: 8.6ms)


Started GET "/" for 127.0.0.1 at 2017-10-17 11:32:17 -0500
Processing by Rails::WelcomeController#index as HTML
  Rendering /Users/juanmontenegro/.rvm/gems/ruby-2.4.0/gems/railties-5.1.4/lib/rails/templates/rails/welcome/index.html.erb
  Rendered /Users/juanmontenegro/.rvm/gems/ruby-2.4.0/gems/railties-5.1.4/lib/rails/templates/rails/welcome/index.html.erb (4.9ms)
Completed 200 OK in 16ms (Views: 8.6ms)


Started GET "/" for 127.0.0.1 at 2017-10-17 11:32:28 -0500
Processing by Rails::WelcomeController#index as HTML
  Rendering /Users/juanmontenegro/.rvm/gems/ruby-2.4.0/gems/railties-5.1.4/lib/rails/templates/rails/welcome/index.html.erb
  Rendered /Users/juanmontenegro/.rvm/gems/ruby-2.4.0/gems/railties-5.1.4/lib/rails/templates/rails/welcome/index.html.erb (6.5ms)
Completed 200 OK in 15ms (Views: 11.7ms)


Started GET "/" for 127.0.0.1 at 2017-10-17 11:32:40 -0500
Processing by Rails::WelcomeController#index as HTML
  Rendering /Users/juanmontenegro/.rvm/gems/ruby-2.4.0/gems/railties-5.1.4/lib/rails/templates/rails/welcome/index.html.erb
  Rendered /Users/juanmontenegro/.rvm/gems/ruby-2.4.0/gems/railties-5.1.4/lib/rails/templates/rails/welcome/index.html.erb (4.3ms)
Completed 200 OK in 13ms (Views: 7.4ms)


Started GET "/" for 127.0.0.1 at 2017-10-17 11:36:40 -0500
Processing by Rails::WelcomeController#index as HTML
  Rendering /Users/juanmontenegro/.rvm/gems/ruby-2.4.0/gems/railties-5.1.4/lib/rails/templates/rails/welcome/index.html.erb
  Rendered /Users/juanmontenegro/.rvm/gems/ruby-2.4.0/gems/railties-5.1.4/lib/rails/templates/rails/welcome/index.html.erb (3.9ms)
Completed 200 OK in 16ms (Views: 11.3ms)


Started GET "/" for 127.0.0.1 at 2017-10-17 11:36:52 -0500
Processing by Rails::WelcomeController#index as HTML
  Rendering /Users/juanmontenegro/.rvm/gems/ruby-2.4.0/gems/railties-5.1.4/lib/rails/templates/rails/welcome/index.html.erb
  Rendered /Users/juanmontenegro/.rvm/gems/ruby-2.4.0/gems/railties-5.1.4/lib/rails/templates/rails/welcome/index.html.erb (5.3ms)
Completed 200 OK in 34ms (Views: 15.0ms)


Started GET "/" for 127.0.0.1 at 2017-10-17 11:36:56 -0500
Processing by Rails::WelcomeController#index as HTML
  Rendering /Users/juanmontenegro/.rvm/gems/ruby-2.4.0/gems/railties-5.1.4/lib/rails/templates/rails/welcome/index.html.erb
  Rendered /Users/juanmontenegro/.rvm/gems/ruby-2.4.0/gems/railties-5.1.4/lib/rails/templates/rails/welcome/index.html.erb (3.2ms)
Completed 200 OK in 9ms (Views: 6.2ms)


Started GET "/" for 127.0.0.1 at 2017-10-17 11:39:05 -0500
Processing by Rails::WelcomeController#index as HTML
  Rendering /Users/juanmontenegro/.rvm/gems/ruby-2.4.0/gems/railties-5.1.4/lib/rails/templates/rails/welcome/index.html.erb
  Rendered /Users/juanmontenegro/.rvm/gems/ruby-2.4.0/gems/railties-5.1.4/lib/rails/templates/rails/welcome/index.html.erb (5.6ms)
Completed 200 OK in 31ms (Views: 15.4ms)


Started GET "/" for 127.0.0.1 at 2017-10-17 11:39:53 -0500
Processing by Rails::WelcomeController#index as HTML
  Rendering /Users/juanmontenegro/.rvm/gems/ruby-2.4.0/gems/railties-5.1.4/lib/rails/templates/rails/welcome/index.html.erb
  Rendered /Users/juanmontenegro/.rvm/gems/ruby-2.4.0/gems/railties-5.1.4/lib/rails/templates/rails/welcome/index.html.erb (4.9ms)
Completed 200 OK in 10ms (Views: 7.5ms)


Started GET "/" for 127.0.0.1 at 2017-10-17 11:40:06 -0500
Processing by Rails::WelcomeController#index as HTML
  Rendering /Users/juanmontenegro/.rvm/gems/ruby-2.4.0/gems/railties-5.1.4/lib/rails/templates/rails/welcome/index.html.erb
  Rendered /Users/juanmontenegro/.rvm/gems/ruby-2.4.0/gems/railties-5.1.4/lib/rails/templates/rails/welcome/index.html.erb (5.4ms)
Completed 200 OK in 22ms (Views: 11.0ms)


Started GET "/" for 127.0.0.1 at 2017-10-17 11:40:40 -0500
  
ActionController::RoutingError (uninitialized constant WelcomeController):
  
activesupport (5.1.4) lib/active_support/inflector/methods.rb:269:in `const_get'
activesupport (5.1.4) lib/active_support/inflector/methods.rb:269:in `block in constantize'
activesupport (5.1.4) lib/active_support/inflector/methods.rb:267:in `each'
activesupport (5.1.4) lib/active_support/inflector/methods.rb:267:in `inject'
activesupport (5.1.4) lib/active_support/inflector/methods.rb:267:in `constantize'
actionpack (5.1.4) lib/action_dispatch/http/request.rb:85:in `controller_class_for'
actionpack (5.1.4) lib/action_dispatch/http/request.rb:78:in `controller_class'
actionpack (5.1.4) lib/action_dispatch/routing/route_set.rb:43:in `controller'
actionpack (5.1.4) lib/action_dispatch/routing/route_set.rb:29:in `serve'
actionpack (5.1.4) lib/action_dispatch/journey/router.rb:50:in `block in serve'
actionpack (5.1.4) lib/action_dispatch/journey/router.rb:33:in `each'
actionpack (5.1.4) lib/action_dispatch/journey/router.rb:33:in `serve'
actionpack (5.1.4) lib/action_dispatch/routing/route_set.rb:834:in `call'
rack (2.0.3) lib/rack/etag.rb:25:in `call'
rack (2.0.3) lib/rack/conditional_get.rb:25:in `call'
rack (2.0.3) lib/rack/head.rb:12:in `call'
rack (2.0.3) lib/rack/session/abstract/id.rb:232:in `context'
rack (2.0.3) lib/rack/session/abstract/id.rb:226:in `call'
actionpack (5.1.4) lib/action_dispatch/middleware/cookies.rb:613:in `call'
actionpack (5.1.4) lib/action_dispatch/middleware/callbacks.rb:26:in `block in call'
activesupport (5.1.4) lib/active_support/callbacks.rb:97:in `run_callbacks'
actionpack (5.1.4) lib/action_dispatch/middleware/callbacks.rb:24:in `call'
actionpack (5.1.4) lib/action_dispatch/middleware/executor.rb:12:in `call'
actionpack (5.1.4) lib/action_dispatch/middleware/debug_exceptions.rb:59:in `call'
web-console (3.5.1) lib/web_console/middleware.rb:135:in `call_app'
web-console (3.5.1) lib/web_console/middleware.rb:28:in `block in call'
web-console (3.5.1) lib/web_console/middleware.rb:18:in `catch'
web-console (3.5.1) lib/web_console/middleware.rb:18:in `call'
actionpack (5.1.4) lib/action_dispatch/middleware/show_exceptions.rb:31:in `call'
railties (5.1.4) lib/rails/rack/logger.rb:36:in `call_app'
railties (5.1.4) lib/rails/rack/logger.rb:24:in `block in call'
activesupport (5.1.4) lib/active_support/tagged_logging.rb:69:in `block in tagged'
activesupport (5.1.4) lib/active_support/tagged_logging.rb:26:in `tagged'
activesupport (5.1.4) lib/active_support/tagged_logging.rb:69:in `tagged'
railties (5.1.4) lib/rails/rack/logger.rb:24:in `call'
sprockets-rails (3.2.1) lib/sprockets/rails/quiet_assets.rb:13:in `call'
actionpack (5.1.4) lib/action_dispatch/middleware/remote_ip.rb:79:in `call'
actionpack (5.1.4) lib/action_dispatch/middleware/request_id.rb:25:in `call'
rack (2.0.3) lib/rack/method_override.rb:22:in `call'
rack (2.0.3) lib/rack/runtime.rb:22:in `call'
activesupport (5.1.4) lib/active_support/cache/strategy/local_cache_middleware.rb:27:in `call'
actionpack (5.1.4) lib/action_dispatch/middleware/executor.rb:12:in `call'
actionpack (5.1.4) lib/action_dispatch/middleware/static.rb:125:in `call'
rack (2.0.3) lib/rack/sendfile.rb:111:in `call'
railties (5.1.4) lib/rails/engine.rb:522:in `call'
puma (3.10.0) lib/puma/configuration.rb:225:in `call'
puma (3.10.0) lib/puma/server.rb:605:in `handle_request'
puma (3.10.0) lib/puma/server.rb:437:in `process_client'
puma (3.10.0) lib/puma/server.rb:301:in `block in run'
puma (3.10.0) lib/puma/thread_pool.rb:120:in `block in spawn_thread'
Started GET "/" for 127.0.0.1 at 2017-10-17 11:41:37 -0500
Processing by WelcomeController#index as HTML
  Rendering welcome/index.html.erb within layouts/application
  Rendered welcome/index.html.erb within layouts/application (0.5ms)
Completed 200 OK in 301ms (Views: 298.5ms)


